{"C:\\Users\\user\\Desktop\\project\\better-life\\src\\components\\AddPointsPanel.vue": {"path":"C:\\Users\\user\\Desktop\\project\\better-life\\src\\components\\AddPointsPanel.vue","statementMap":{"0":{"start":{"line":94,"column":21},"end":{"line":94,"column":null}},"1":{"start":{"line":95,"column":24},"end":{"line":95,"column":null}},"2":{"start":{"line":96,"column":12},"end":{"line":96,"column":null}},"3":{"start":{"line":97,"column":19},"end":{"line":97,"column":null}},"4":{"start":{"line":99,"column":31},"end":{"line":99,"column":59}},"5":{"start":{"line":102,"column":2},"end":{"line":102,"column":null}},"6":{"start":{"line":102,"column":31},"end":{"line":102,"column":null}},"7":{"start":{"line":103,"column":2},"end":{"line":103,"column":null}},"8":{"start":{"line":104,"column":2},"end":{"line":104,"column":null}},"9":{"start":{"line":105,"column":2},"end":{"line":105,"column":null}},"10":{"start":{"line":106,"column":2},"end":{"line":106,"column":null}},"11":{"start":{"line":109,"column":13},"end":{"line":109,"column":null}},"12":{"start":{"line":111,"column":2},"end":{"line":111,"column":null}},"13":{"start":{"line":112,"column":2},"end":{"line":112,"column":null}},"14":{"start":{"line":113,"column":2},"end":{"line":113,"column":null}},"15":{"start":{"line":113,"column":30},"end":{"line":113,"column":55}},"16":{"start":{"line":118,"column":2},"end":{"line":120,"column":null}},"17":{"start":{"line":119,"column":4},"end":{"line":119,"column":null}},"18":{"start":{"line":121,"column":14},"end":{"line":121,"column":null}},"19":{"start":{"line":122,"column":2},"end":{"line":122,"column":null}},"20":{"start":{"line":126,"column":14},"end":{"line":126,"column":null}},"21":{"start":{"line":127,"column":2},"end":{"line":127,"column":null}},"22":{"start":{"line":131,"column":14},"end":{"line":131,"column":null}},"23":{"start":{"line":132,"column":2},"end":{"line":132,"column":null}},"24":{"start":{"line":2,"column":7},"end":{"line":2,"column":null}},"25":{"start":{"line":6,"column":9},"end":{"line":6,"column":null}},"26":{"start":{"line":36,"column":11},"end":{"line":36,"column":61}},"27":{"start":{"line":2,"column":2},"end":{"line":85,"column":12}},"28":{"start":{"line":7,"column":6},"end":{"line":23,"column":104}},"29":{"start":{"line":13,"column":16},"end":{"line":13,"column":null}},"30":{"start":{"line":37,"column":12},"end":{"line":36,"column":103}},"31":{"start":{"line":57,"column":12},"end":{"line":50,"column":null}},"32":{"start":{"line":50,"column":19},"end":{"line":50,"column":null}},"33":{"start":{"line":85,"column":12},"end":{"line":85,"column":12}}},"fnMap":{"0":{"name":"selectCategory","decl":{"start":{"line":99,"column":9},"end":{"line":99,"column":23}},"loc":{"start":{"line":99,"column":29},"end":{"line":99,"column":null}},"line":99},"1":{"name":"handleSubmit","decl":{"start":{"line":101,"column":9},"end":{"line":101,"column":21}},"loc":{"start":{"line":101,"column":24},"end":{"line":107,"column":null}},"line":101},"2":{"name":"triggerSuccess","decl":{"start":{"line":110,"column":9},"end":{"line":110,"column":23}},"loc":{"start":{"line":110,"column":26},"end":{"line":114,"column":null}},"line":110},"3":{"name":"(anonymous_3)","decl":{"start":{"line":113,"column":22},"end":{"line":113,"column":23}},"loc":{"start":{"line":113,"column":28},"end":{"line":113,"column":57}},"line":113},"4":{"name":"categoryBtnClass","decl":{"start":{"line":117,"column":9},"end":{"line":117,"column":25}},"loc":{"start":{"line":117,"column":31},"end":{"line":123,"column":null}},"line":117},"5":{"name":"badgeClass","decl":{"start":{"line":125,"column":9},"end":{"line":125,"column":19}},"loc":{"start":{"line":125,"column":27},"end":{"line":128,"column":null}},"line":125},"6":{"name":"labelClass","decl":{"start":{"line":130,"column":9},"end":{"line":130,"column":19}},"loc":{"start":{"line":130,"column":27},"end":{"line":133,"column":null}},"line":130},"7":{"name":"(anonymous_7)","decl":{"start":{"line":8,"column":39},"end":{"line":8,"column":null}},"loc":{"start":{"line":8,"column":18},"end":{"line":23,"column":104}},"line":8},"8":{"name":"(anonymous_8)","decl":{"start":{"line":13,"column":14},"end":{"line":13,"column":16}},"loc":{"start":{"line":13,"column":16},"end":{"line":13,"column":null}},"line":13},"9":{"name":"(anonymous_9)","decl":{"start":{"line":34,"column":6},"end":{"line":34,"column":17}},"loc":{"start":{"line":37,"column":12},"end":{"line":36,"column":103}},"line":37},"10":{"name":"(anonymous_10)","decl":{"start":{"line":47,"column":6},"end":{"line":47,"column":17}},"loc":{"start":{"line":57,"column":12},"end":{"line":50,"column":null}},"line":57},"11":{"name":"(anonymous_11)","decl":{"start":{"line":50,"column":19},"end":{"line":50,"column":23}},"loc":{"start":{"line":50,"column":19},"end":{"line":50,"column":null}},"line":50},"12":{"name":"(anonymous_12)","decl":{"start":{"line":80,"column":6},"end":{"line":80,"column":null}},"loc":{"start":{"line":85,"column":12},"end":{"line":85,"column":12}},"line":85}},"branchMap":{"0":{"loc":{"start":{"line":102,"column":2},"end":{"line":102,"column":null}},"type":"if","locations":[{"start":{"line":102,"column":2},"end":{"line":102,"column":null}},{"start":{},"end":{}}],"line":102},"1":{"loc":{"start":{"line":118,"column":2},"end":{"line":120,"column":null}},"type":"if","locations":[{"start":{"line":118,"column":2},"end":{"line":120,"column":null}},{"start":{},"end":{}}],"line":118},"2":{"loc":{"start":{"line":122,"column":9},"end":{"line":122,"column":null}},"type":"binary-expr","locations":[{"start":{"line":122,"column":9},"end":{"line":122,"column":23}},{"start":{"line":122,"column":27},"end":{"line":122,"column":null}}],"line":122},"3":{"loc":{"start":{"line":127,"column":9},"end":{"line":127,"column":null}},"type":"binary-expr","locations":[{"start":{"line":127,"column":9},"end":{"line":127,"column":19}},{"start":{"line":127,"column":23},"end":{"line":127,"column":null}}],"line":127},"4":{"loc":{"start":{"line":132,"column":9},"end":{"line":132,"column":null}},"type":"binary-expr","locations":[{"start":{"line":132,"column":9},"end":{"line":132,"column":19}},{"start":{"line":132,"column":23},"end":{"line":132,"column":null}}],"line":132},"5":{"loc":{"start":{"line":3,"column":4},"end":{"line":3,"column":99}},"type":"binary-expr","locations":[{"start":{"line":3,"column":4},"end":{"line":3,"column":7}},{"start":{"line":3,"column":4},"end":{"line":3,"column":99}}],"line":3},"6":{"loc":{"start":{"line":21,"column":18},"end":{"line":21,"column":null}},"type":"cond-expr","locations":[{"start":{"line":21,"column":49},"end":{"line":21,"column":null}},{"start":{"line":21,"column":49},"end":{"line":21,"column":null}}],"line":21},"7":{"loc":{"start":{"line":34,"column":17},"end":{"line":36,"column":103}},"type":"cond-expr","locations":[{"start":{"line":34,"column":6},"end":{"line":36,"column":103}}],"line":34},"8":{"loc":{"start":{"line":35,"column":8},"end":{"line":35,"column":75}},"type":"binary-expr","locations":[{"start":{"line":35,"column":8},"end":{"line":35,"column":11}},{"start":{"line":35,"column":8},"end":{"line":35,"column":75}}],"line":35},"9":{"loc":{"start":{"line":47,"column":17},"end":{"line":50,"column":null}},"type":"cond-expr","locations":[{"start":{"line":47,"column":6},"end":{"line":50,"column":null}}],"line":47},"10":{"loc":{"start":{"line":50,"column":19},"end":{"line":50,"column":null}},"type":"binary-expr","locations":[{"start":{"line":50,"column":19},"end":{"line":50,"column":23}},{"start":{"line":50,"column":19},"end":{"line":50,"column":null}}],"line":50},"11":{"loc":{"start":{"line":70,"column":18},"end":{"line":71,"column":32}},"type":"cond-expr","locations":[{"start":{"line":70,"column":6},"end":{"line":70,"column":106}},{"start":{"line":71,"column":6},"end":{"line":71,"column":32}}],"line":70},"12":{"loc":{"start":{"line":81,"column":14},"end":{"line":85,"column":12}},"type":"cond-expr","locations":[{"start":{"line":80,"column":6},"end":{"line":85,"column":12}}],"line":81}},"s":{"0":3,"1":3,"2":3,"3":3,"4":2,"5":1,"6":0,"7":1,"8":1,"9":1,"10":1,"11":3,"12":1,"13":1,"14":1,"15":0,"16":18,"17":16,"18":2,"19":2,"20":18,"21":18,"22":18,"23":18,"24":1,"25":1,"26":1,"27":6,"28":18,"29":2,"30":6,"31":7,"32":1,"33":4},"f":{"0":2,"1":1,"2":1,"3":0,"4":18,"5":18,"6":18,"7":18,"8":2,"9":6,"10":7,"11":1,"12":4},"b":{"0":[0,1],"1":[16,2],"2":[2,0],"3":[18,0],"4":[18,0],"5":[6,3],"6":[2,16],"7":[2],"8":[2,2],"9":[3],"10":[3,2],"11":[2,4],"12":[1]},"meta":{"lastBranch":13,"lastFunction":13,"lastStatement":34,"seen":{"s:94:21:94:Infinity":0,"s:95:24:95:Infinity":1,"s:96:12:96:Infinity":2,"s:97:19:97:Infinity":3,"f:99:9:99:23":0,"s:99:31:99:59":4,"f:101:9:101:21":1,"b:102:2:102:Infinity:undefined:undefined:undefined:undefined":0,"s:102:2:102:Infinity":5,"s:102:31:102:Infinity":6,"s:103:2:103:Infinity":7,"s:104:2:104:Infinity":8,"s:105:2:105:Infinity":9,"s:106:2:106:Infinity":10,"s:109:13:109:Infinity":11,"f:110:9:110:23":2,"s:111:2:111:Infinity":12,"s:112:2:112:Infinity":13,"s:113:2:113:Infinity":14,"f:113:22:113:23":3,"s:113:30:113:55":15,"f:117:9:117:25":4,"b:118:2:120:Infinity:undefined:undefined:undefined:undefined":1,"s:118:2:120:Infinity":16,"s:119:4:119:Infinity":17,"s:121:14:121:Infinity":18,"s:122:2:122:Infinity":19,"b:122:9:122:23:122:27:122:Infinity":2,"f:125:9:125:19":5,"s:126:14:126:Infinity":20,"s:127:2:127:Infinity":21,"b:127:9:127:19:127:23:127:Infinity":3,"f:130:9:130:19":6,"s:131:14:131:Infinity":22,"s:132:2:132:Infinity":23,"b:132:9:132:19:132:23:132:Infinity":4,"s:2:7:2:Infinity":24,"s:6:9:6:Infinity":25,"s:36:11:36:61":26,"s:2:2:85:12":27,"b:3:4:3:7:3:4:3:99":5,"f:8:39:8:Infinity":7,"s:7:6:23:104":28,"f:13:14:13:16":8,"s:13:16:13:Infinity":29,"b:21:49:21:Infinity:21:49:21:Infinity":6,"f:34:6:34:17":9,"s:37:12:36:103":30,"b:34:6:36:103":7,"b:35:8:35:11:35:8:35:75":8,"f:47:6:47:17":10,"s:57:12:50:Infinity":31,"b:47:6:50:Infinity":9,"b:50:19:50:23:50:19:50:Infinity":10,"f:50:19:50:23":11,"s:50:19:50:Infinity":32,"b:70:6:70:106:71:6:71:32":11,"f:80:6:80:Infinity":12,"s:85:12:85:12":33,"b:80:6:85:12":12}}}
,"C:\\Users\\user\\Desktop\\project\\better-life\\src\\components\\HistoryList.vue": {"path":"C:\\Users\\user\\Desktop\\project\\better-life\\src\\components\\HistoryList.vue","statementMap":{"0":{"start":{"line":67,"column":27},"end":{"line":67,"column":null}},"1":{"start":{"line":70,"column":2},"end":{"line":72,"column":null}},"2":{"start":{"line":71,"column":4},"end":{"line":71,"column":null}},"3":{"start":{"line":76,"column":12},"end":{"line":76,"column":null}},"4":{"start":{"line":77,"column":17},"end":{"line":77,"column":null}},"5":{"start":{"line":78,"column":18},"end":{"line":78,"column":null}},"6":{"start":{"line":79,"column":2},"end":{"line":79,"column":null}},"7":{"start":{"line":79,"column":19},"end":{"line":79,"column":null}},"8":{"start":{"line":80,"column":2},"end":{"line":80,"column":null}},"9":{"start":{"line":80,"column":20},"end":{"line":80,"column":null}},"10":{"start":{"line":81,"column":17},"end":{"line":81,"column":null}},"11":{"start":{"line":82,"column":2},"end":{"line":82,"column":null}},"12":{"start":{"line":82,"column":19},"end":{"line":82,"column":null}},"13":{"start":{"line":83,"column":2},"end":{"line":83,"column":null}},"14":{"start":{"line":87,"column":14},"end":{"line":87,"column":null}},"15":{"start":{"line":88,"column":2},"end":{"line":88,"column":null}},"16":{"start":{"line":92,"column":14},"end":{"line":92,"column":null}},"17":{"start":{"line":93,"column":2},"end":{"line":93,"column":null}},"18":{"start":{"line":2,"column":7},"end":{"line":2,"column":null}},"19":{"start":{"line":3,"column":9},"end":{"line":3,"column":null}},"20":{"start":{"line":5,"column":12},"end":{"line":5,"column":60}},"21":{"start":{"line":37,"column":13},"end":{"line":37,"column":null}},"22":{"start":{"line":38,"column":15},"end":{"line":38,"column":null}},"23":{"start":{"line":43,"column":13},"end":{"line":43,"column":61}},"24":{"start":{"line":2,"column":2},"end":{"line":56,"column":267}},"25":{"start":{"line":24,"column":27},"end":{"line":56,"column":267}},"26":{"start":{"line":23,"column":6},"end":{"line":56,"column":267}},"27":{"start":{"line":53,"column":18},"end":{"line":53,"column":null}}},"fnMap":{"0":{"name":"handleDelete","decl":{"start":{"line":69,"column":9},"end":{"line":69,"column":21}},"loc":{"start":{"line":69,"column":26},"end":{"line":73,"column":null}},"line":69},"1":{"name":"formatDate","decl":{"start":{"line":75,"column":9},"end":{"line":75,"column":19}},"loc":{"start":{"line":75,"column":25},"end":{"line":84,"column":null}},"line":75},"2":{"name":"emojiBgClass","decl":{"start":{"line":86,"column":9},"end":{"line":86,"column":21}},"loc":{"start":{"line":86,"column":26},"end":{"line":89,"column":null}},"line":86},"3":{"name":"categoryColorClass","decl":{"start":{"line":91,"column":9},"end":{"line":91,"column":27}},"loc":{"start":{"line":91,"column":32},"end":{"line":94,"column":null}},"line":91},"4":{"name":"(anonymous_4)","decl":{"start":{"line":24,"column":8},"end":{"line":24,"column":15}},"loc":{"start":{"line":24,"column":27},"end":{"line":56,"column":267}},"line":24},"5":{"name":"(anonymous_5)","decl":{"start":{"line":24,"column":26},"end":{"line":24,"column":27}},"loc":{"start":{"line":24,"column":18},"end":{"line":56,"column":267}},"line":24},"6":{"name":"(anonymous_6)","decl":{"start":{"line":53,"column":16},"end":{"line":53,"column":18}},"loc":{"start":{"line":53,"column":18},"end":{"line":53,"column":null}},"line":53}},"branchMap":{"0":{"loc":{"start":{"line":70,"column":2},"end":{"line":72,"column":null}},"type":"if","locations":[{"start":{"line":70,"column":2},"end":{"line":72,"column":null}},{"start":{},"end":{}}],"line":70},"1":{"loc":{"start":{"line":79,"column":2},"end":{"line":79,"column":null}},"type":"if","locations":[{"start":{"line":79,"column":2},"end":{"line":79,"column":null}},{"start":{},"end":{}}],"line":79},"2":{"loc":{"start":{"line":80,"column":2},"end":{"line":80,"column":null}},"type":"if","locations":[{"start":{"line":80,"column":2},"end":{"line":80,"column":null}},{"start":{},"end":{}}],"line":80},"3":{"loc":{"start":{"line":82,"column":2},"end":{"line":82,"column":null}},"type":"if","locations":[{"start":{"line":82,"column":2},"end":{"line":82,"column":null}},{"start":{},"end":{}}],"line":82},"4":{"loc":{"start":{"line":88,"column":9},"end":{"line":88,"column":null}},"type":"binary-expr","locations":[{"start":{"line":88,"column":9},"end":{"line":88,"column":16}},{"start":{"line":88,"column":20},"end":{"line":88,"column":null}}],"line":88},"5":{"loc":{"start":{"line":93,"column":9},"end":{"line":93,"column":null}},"type":"binary-expr","locations":[{"start":{"line":93,"column":9},"end":{"line":93,"column":16}},{"start":{"line":93,"column":20},"end":{"line":93,"column":null}}],"line":93},"6":{"loc":{"start":{"line":4,"column":6},"end":{"line":4,"column":93}},"type":"binary-expr","locations":[{"start":{"line":4,"column":6},"end":{"line":4,"column":9}},{"start":{"line":4,"column":6},"end":{"line":4,"column":93}}],"line":4},"7":{"loc":{"start":{"line":9,"column":15},"end":{"line":11,"column":59}},"type":"cond-expr","locations":[{"start":{"line":9,"column":4},"end":{"line":11,"column":59}}],"line":9},"8":{"loc":{"start":{"line":12,"column":10},"end":{"line":11,"column":59}},"type":"binary-expr","locations":[{"start":{"line":12,"column":10},"end":{"line":12,"column":null}},{"start":{"line":12,"column":10},"end":{"line":11,"column":59}}],"line":12},"9":{"loc":{"start":{"line":42,"column":19},"end":{"line":42,"column":87}},"type":"cond-expr","locations":[{"start":{"line":42,"column":10},"end":{"line":42,"column":87}}],"line":42}},"s":{"0":3,"1":1,"2":1,"3":5,"4":5,"5":5,"6":5,"7":5,"8":0,"9":0,"10":0,"11":0,"12":0,"13":0,"14":5,"15":5,"16":10,"17":10,"18":1,"19":1,"20":1,"21":1,"22":1,"23":1,"24":10,"25":10,"26":5,"27":1},"f":{"0":1,"1":5,"2":5,"3":10,"4":10,"5":5,"6":1},"b":{"0":[1,0],"1":[5,0],"2":[0,0],"3":[0,0],"4":[5,0],"5":[10,0],"6":[10,3],"7":[7],"8":[7,3],"9":[5]},"meta":{"lastBranch":10,"lastFunction":7,"lastStatement":28,"seen":{"s:67:27:67:Infinity":0,"f:69:9:69:21":0,"b:70:2:72:Infinity:undefined:undefined:undefined:undefined":0,"s:70:2:72:Infinity":1,"s:71:4:71:Infinity":2,"f:75:9:75:19":1,"s:76:12:76:Infinity":3,"s:77:17:77:Infinity":4,"s:78:18:78:Infinity":5,"b:79:2:79:Infinity:undefined:undefined:undefined:undefined":1,"s:79:2:79:Infinity":6,"s:79:19:79:Infinity":7,"b:80:2:80:Infinity:undefined:undefined:undefined:undefined":2,"s:80:2:80:Infinity":8,"s:80:20:80:Infinity":9,"s:81:17:81:Infinity":10,"b:82:2:82:Infinity:undefined:undefined:undefined:undefined":3,"s:82:2:82:Infinity":11,"s:82:19:82:Infinity":12,"s:83:2:83:Infinity":13,"f:86:9:86:21":2,"s:87:14:87:Infinity":14,"s:88:2:88:Infinity":15,"b:88:9:88:16:88:20:88:Infinity":4,"f:91:9:91:27":3,"s:92:14:92:Infinity":16,"s:93:2:93:Infinity":17,"b:93:9:93:16:93:20:93:Infinity":5,"s:2:7:2:Infinity":18,"s:3:9:3:Infinity":19,"s:5:12:5:60":20,"s:37:13:37:Infinity":21,"s:38:15:38:Infinity":22,"s:43:13:43:61":23,"s:2:2:56:267":24,"b:4:6:4:9:4:6:4:93":6,"b:9:4:11:59":7,"b:12:10:12:Infinity:12:10:11:59":8,"f:24:8:24:15":4,"s:24:27:56:267":25,"f:24:26:24:27":5,"s:23:6:56:267":26,"b:42:10:42:87":9,"f:53:16:53:18":6,"s:53:18:53:Infinity":27}}}
,"C:\\Users\\user\\Desktop\\project\\better-life\\src\\components\\OnboardingScreen.vue": {"path":"C:\\Users\\user\\Desktop\\project\\better-life\\src\\components\\OnboardingScreen.vue","statementMap":{"0":{"start":{"line":89,"column":30},"end":{"line":89,"column":null}},"1":{"start":{"line":91,"column":16},"end":{"line":91,"column":null}},"2":{"start":{"line":92,"column":19},"end":{"line":92,"column":null}},"3":{"start":{"line":93,"column":13},"end":{"line":93,"column":null}},"4":{"start":{"line":95,"column":15},"end":{"line":98,"column":null}},"5":{"start":{"line":96,"column":12},"end":{"line":96,"column":null}},"6":{"start":{"line":97,"column":2},"end":{"line":97,"column":null}},"7":{"start":{"line":101,"column":12},"end":{"line":101,"column":null}},"8":{"start":{"line":102,"column":2},"end":{"line":102,"column":null}},"9":{"start":{"line":102,"column":21},"end":{"line":102,"column":47}},"10":{"start":{"line":102,"column":48},"end":{"line":102,"column":54}},"11":{"start":{"line":103,"column":2},"end":{"line":103,"column":null}},"12":{"start":{"line":103,"column":21},"end":{"line":103,"column":47}},"13":{"start":{"line":103,"column":51},"end":{"line":103,"column":57}},"14":{"start":{"line":104,"column":2},"end":{"line":104,"column":null}},"15":{"start":{"line":105,"column":2},"end":{"line":105,"column":null}},"16":{"start":{"line":2,"column":7},"end":{"line":2,"column":null}},"17":{"start":{"line":9,"column":9},"end":{"line":9,"column":null}},"18":{"start":{"line":32,"column":11},"end":{"line":32,"column":null}},"19":{"start":{"line":34,"column":13},"end":{"line":34,"column":null}},"20":{"start":{"line":53,"column":11},"end":{"line":53,"column":null}},"21":{"start":{"line":2,"column":2},"end":{"line":80,"column":15}},"22":{"start":{"line":37,"column":28},"end":{"line":37,"column":40}},"23":{"start":{"line":54,"column":8},"end":{"line":65,"column":17}},"24":{"start":{"line":62,"column":18},"end":{"line":62,"column":33}}},"fnMap":{"0":{"name":"(anonymous_0)","decl":{"start":{"line":95,"column":25},"end":{"line":95,"column":26}},"loc":{"start":{"line":95,"column":31},"end":{"line":98,"column":1}},"line":95},"1":{"name":"handleSubmit","decl":{"start":{"line":100,"column":9},"end":{"line":100,"column":21}},"loc":{"start":{"line":100,"column":24},"end":{"line":106,"column":null}},"line":100},"2":{"name":"(anonymous_2)","decl":{"start":{"line":37,"column":28},"end":{"line":37,"column":39}},"loc":{"start":{"line":37,"column":28},"end":{"line":37,"column":40}},"line":37},"3":{"name":"(anonymous_3)","decl":{"start":{"line":55,"column":29},"end":{"line":55,"column":null}},"loc":{"start":{"line":55,"column":18},"end":{"line":65,"column":17}},"line":55},"4":{"name":"(anonymous_4)","decl":{"start":{"line":62,"column":16},"end":{"line":62,"column":18}},"loc":{"start":{"line":62,"column":18},"end":{"line":62,"column":33}},"line":62}},"branchMap":{"0":{"loc":{"start":{"line":97,"column":9},"end":{"line":97,"column":null}},"type":"binary-expr","locations":[{"start":{"line":97,"column":9},"end":{"line":97,"column":28}},{"start":{"line":97,"column":32},"end":{"line":97,"column":38}},{"start":{"line":97,"column":42},"end":{"line":97,"column":null}}],"line":97},"1":{"loc":{"start":{"line":102,"column":2},"end":{"line":102,"column":null}},"type":"if","locations":[{"start":{"line":102,"column":2},"end":{"line":102,"column":null}},{"start":{},"end":{}}],"line":102},"2":{"loc":{"start":{"line":102,"column":6},"end":{"line":102,"column":17}},"type":"binary-expr","locations":[{"start":{"line":102,"column":6},"end":{"line":102,"column":8}},{"start":{"line":102,"column":12},"end":{"line":102,"column":17}}],"line":102},"3":{"loc":{"start":{"line":103,"column":2},"end":{"line":103,"column":null}},"type":"if","locations":[{"start":{"line":103,"column":2},"end":{"line":103,"column":null}},{"start":{},"end":{}}],"line":103},"4":{"loc":{"start":{"line":4,"column":4},"end":{"line":6,"column":104}},"type":"binary-expr","locations":[{"start":{"line":4,"column":4},"end":{"line":4,"column":9}},{"start":{"line":4,"column":4},"end":{"line":6,"column":104}}],"line":4},"5":{"loc":{"start":{"line":23,"column":6},"end":{"line":28,"column":12}},"type":"binary-expr","locations":[{"start":{"line":23,"column":6},"end":{"line":23,"column":11}},{"start":{"line":23,"column":6},"end":{"line":28,"column":12}}],"line":23},"6":{"loc":{"start":{"line":33,"column":8},"end":{"line":33,"column":85}},"type":"binary-expr","locations":[{"start":{"line":33,"column":8},"end":{"line":33,"column":15}},{"start":{"line":33,"column":8},"end":{"line":33,"column":85}}],"line":33},"7":{"loc":{"start":{"line":37,"column":28},"end":{"line":37,"column":40}},"type":"binary-expr","locations":[{"start":{"line":37,"column":28},"end":{"line":37,"column":39}},{"start":{"line":37,"column":28},"end":{"line":37,"column":40}}],"line":37},"8":{"loc":{"start":{"line":47,"column":10},"end":{"line":47,"column":129}},"type":"binary-expr","locations":[{"start":{"line":47,"column":10},"end":{"line":47,"column":16}},{"start":{"line":47,"column":10},"end":{"line":47,"column":129}}],"line":47},"9":{"loc":{"start":{"line":49,"column":17},"end":{"line":49,"column":102}},"type":"cond-expr","locations":[{"start":{"line":49,"column":8},"end":{"line":49,"column":102}}],"line":49}},"s":{"0":4,"1":4,"2":4,"3":4,"4":4,"5":7,"6":7,"7":2,"8":2,"9":1,"10":1,"11":1,"12":0,"13":0,"14":1,"15":1,"16":1,"17":1,"18":1,"19":1,"20":1,"21":8,"22":2,"23":32,"24":1},"f":{"0":7,"1":2,"2":2,"3":32,"4":1},"b":{"0":[7,7,6],"1":[1,1],"2":[2,2],"3":[0,1],"4":[8,4],"5":[8,4],"6":[8,4],"7":[8,4],"8":[8,4],"9":[1]},"meta":{"lastBranch":10,"lastFunction":5,"lastStatement":25,"seen":{"s:89:30:89:Infinity":0,"s:91:16:91:Infinity":1,"s:92:19:92:Infinity":2,"s:93:13:93:Infinity":3,"s:95:15:98:Infinity":4,"f:95:25:95:26":0,"s:96:12:96:Infinity":5,"s:97:2:97:Infinity":6,"b:97:9:97:28:97:32:97:38:97:42:97:Infinity":0,"f:100:9:100:21":1,"s:101:12:101:Infinity":7,"b:102:2:102:Infinity:undefined:undefined:undefined:undefined":1,"s:102:2:102:Infinity":8,"b:102:6:102:8:102:12:102:17":2,"s:102:21:102:47":9,"s:102:48:102:54":10,"b:103:2:103:Infinity:undefined:undefined:undefined:undefined":3,"s:103:2:103:Infinity":11,"s:103:21:103:47":12,"s:103:51:103:57":13,"s:104:2:104:Infinity":14,"s:105:2:105:Infinity":15,"s:2:7:2:Infinity":16,"s:9:9:9:Infinity":17,"s:32:11:32:Infinity":18,"s:34:13:34:Infinity":19,"s:53:11:53:Infinity":20,"s:2:2:80:15":21,"b:4:4:4:9:4:4:6:104":4,"b:23:6:23:11:23:6:28:12":5,"b:33:8:33:15:33:8:33:85":6,"b:37:28:37:39:37:28:37:40":7,"f:37:28:37:39":2,"s:37:28:37:40":22,"b:47:10:47:16:47:10:47:129":8,"b:49:8:49:102":9,"f:55:29:55:Infinity":3,"s:54:8:65:17":23,"f:62:16:62:18":4,"s:62:18:62:33":24}}}
,"C:\\Users\\user\\Desktop\\project\\better-life\\src\\components\\ProgressBar.vue": {"path":"C:\\Users\\user\\Desktop\\project\\better-life\\src\\components\\ProgressBar.vue","statementMap":{"0":{"start":{"line":53,"column":106},"end":{"line":53,"column":null}},"1":{"start":{"line":55,"column":20},"end":{"line":60,"column":null}},"2":{"start":{"line":62,"column":14},"end":{"line":62,"column":null}},"3":{"start":{"line":62,"column":30},"end":{"line":62,"column":82}},"4":{"start":{"line":63,"column":24},"end":{"line":63,"column":null}},"5":{"start":{"line":63,"column":40},"end":{"line":63,"column":62}},"6":{"start":{"line":64,"column":24},"end":{"line":64,"column":null}},"7":{"start":{"line":64,"column":40},"end":{"line":64,"column":56}},"8":{"start":{"line":65,"column":24},"end":{"line":65,"column":null}},"9":{"start":{"line":65,"column":40},"end":{"line":65,"column":58}},"10":{"start":{"line":66,"column":24},"end":{"line":66,"column":null}},"11":{"start":{"line":66,"column":40},"end":{"line":66,"column":58}},"12":{"start":{"line":2,"column":7},"end":{"line":2,"column":null}},"13":{"start":{"line":4,"column":9},"end":{"line":4,"column":null}},"14":{"start":{"line":7,"column":13},"end":{"line":7,"column":null}},"15":{"start":{"line":12,"column":16},"end":{"line":12,"column":59}},"16":{"start":{"line":16,"column":11},"end":{"line":16,"column":null}},"17":{"start":{"line":17,"column":11},"end":{"line":17,"column":null}},"18":{"start":{"line":30,"column":9},"end":{"line":30,"column":null}},"19":{"start":{"line":39,"column":9},"end":{"line":39,"column":null}},"20":{"start":{"line":40,"column":11},"end":{"line":40,"column":null}},"21":{"start":{"line":41,"column":14},"end":{"line":41,"column":46}},"22":{"start":{"line":44,"column":12},"end":{"line":44,"column":63}},"23":{"start":{"line":2,"column":2},"end":{"line":44,"column":100}}},"fnMap":{"0":{"name":"(anonymous_0)","decl":{"start":{"line":62,"column":24},"end":{"line":62,"column":25}},"loc":{"start":{"line":62,"column":30},"end":{"line":62,"column":82}},"line":62},"1":{"name":"(anonymous_1)","decl":{"start":{"line":63,"column":34},"end":{"line":63,"column":35}},"loc":{"start":{"line":63,"column":40},"end":{"line":63,"column":62}},"line":63},"2":{"name":"(anonymous_2)","decl":{"start":{"line":64,"column":34},"end":{"line":64,"column":35}},"loc":{"start":{"line":64,"column":40},"end":{"line":64,"column":56}},"line":64},"3":{"name":"(anonymous_3)","decl":{"start":{"line":65,"column":34},"end":{"line":65,"column":35}},"loc":{"start":{"line":65,"column":40},"end":{"line":65,"column":58}},"line":65},"4":{"name":"(anonymous_4)","decl":{"start":{"line":66,"column":34},"end":{"line":66,"column":35}},"loc":{"start":{"line":66,"column":40},"end":{"line":66,"column":58}},"line":66}},"branchMap":{"0":{"loc":{"start":{"line":62,"column":30},"end":{"line":62,"column":82}},"type":"binary-expr","locations":[{"start":{"line":62,"column":30},"end":{"line":62,"column":62}},{"start":{"line":62,"column":66},"end":{"line":62,"column":82}}],"line":62},"1":{"loc":{"start":{"line":6,"column":8},"end":{"line":6,"column":100}},"type":"binary-expr","locations":[{"start":{"line":6,"column":8},"end":{"line":6,"column":11}},{"start":{"line":6,"column":8},"end":{"line":6,"column":100}}],"line":6},"2":{"loc":{"start":{"line":18,"column":13},"end":{"line":18,"column":null}},"type":"cond-expr","locations":[{"start":{"line":18,"column":29},"end":{"line":18,"column":null}},{"start":{"line":18,"column":29},"end":{"line":18,"column":null}}],"line":18},"3":{"loc":{"start":{"line":22,"column":18},"end":{"line":22,"column":null}},"type":"cond-expr","locations":[{"start":{"line":22,"column":34},"end":{"line":22,"column":null}},{"start":{"line":22,"column":34},"end":{"line":22,"column":null}}],"line":22},"4":{"loc":{"start":{"line":24,"column":13},"end":{"line":24,"column":null}},"type":"cond-expr","locations":[{"start":{"line":24,"column":29},"end":{"line":24,"column":44}},{"start":{"line":24,"column":29},"end":{"line":24,"column":null}}],"line":24}},"s":{"0":3,"1":3,"2":3,"3":6,"4":3,"5":6,"6":3,"7":6,"8":3,"9":6,"10":3,"11":6,"12":1,"13":1,"14":1,"15":1,"16":1,"17":1,"18":1,"19":1,"20":1,"21":1,"22":1,"23":10},"f":{"0":6,"1":6,"2":6,"3":6,"4":6},"b":{"0":[6,0],"1":[10,3],"2":[3,7],"3":[3,7],"4":[3,7]},"meta":{"lastBranch":5,"lastFunction":5,"lastStatement":24,"seen":{"s:53:106:53:Infinity":0,"s:55:20:60:Infinity":1,"s:62:14:62:Infinity":2,"f:62:24:62:25":0,"s:62:30:62:82":3,"b:62:30:62:62:62:66:62:82":0,"s:63:24:63:Infinity":4,"f:63:34:63:35":1,"s:63:40:63:62":5,"s:64:24:64:Infinity":6,"f:64:34:64:35":2,"s:64:40:64:56":7,"s:65:24:65:Infinity":8,"f:65:34:65:35":3,"s:65:40:65:58":9,"s:66:24:66:Infinity":10,"f:66:34:66:35":4,"s:66:40:66:58":11,"s:2:7:2:Infinity":12,"s:4:9:4:Infinity":13,"s:7:13:7:Infinity":14,"s:12:16:12:59":15,"s:16:11:16:Infinity":16,"s:17:11:17:Infinity":17,"s:30:9:30:Infinity":18,"s:39:9:39:Infinity":19,"s:40:11:40:Infinity":20,"s:41:14:41:46":21,"s:44:12:44:63":22,"s:2:2:44:100":23,"b:6:8:6:11:6:8:6:100":1,"b:18:29:18:Infinity:18:29:18:Infinity":2,"b:22:34:22:Infinity:22:34:22:Infinity":3,"b:24:29:24:44:24:29:24:Infinity":4}}}
,"C:\\Users\\user\\Desktop\\project\\better-life\\src\\components\\SettingsPanel.vue": {"path":"C:\\Users\\user\\Desktop\\project\\better-life\\src\\components\\SettingsPanel.vue","statementMap":{"0":{"start":{"line":84,"column":48},"end":{"line":84,"column":null}},"1":{"start":{"line":85,"column":18},"end":{"line":85,"column":null}},"2":{"start":{"line":86,"column":16},"end":{"line":86,"column":null}},"3":{"start":{"line":87,"column":20},"end":{"line":87,"column":null}},"4":{"start":{"line":89,"column":13},"end":{"line":89,"column":null}},"5":{"start":{"line":91,"column":0},"end":{"line":93,"column":null}},"6":{"start":{"line":92,"column":2},"end":{"line":92,"column":null}},"7":{"start":{"line":92,"column":14},"end":{"line":92,"column":null}},"8":{"start":{"line":96,"column":12},"end":{"line":96,"column":null}},"9":{"start":{"line":97,"column":2},"end":{"line":97,"column":null}},"10":{"start":{"line":97,"column":37},"end":{"line":97,"column":null}},"11":{"start":{"line":98,"column":2},"end":{"line":98,"column":null}},"12":{"start":{"line":99,"column":2},"end":{"line":99,"column":null}},"13":{"start":{"line":100,"column":2},"end":{"line":100,"column":null}},"14":{"start":{"line":101,"column":2},"end":{"line":101,"column":null}},"15":{"start":{"line":102,"column":2},"end":{"line":102,"column":null}},"16":{"start":{"line":102,"column":30},"end":{"line":102,"column":52}},"17":{"start":{"line":106,"column":2},"end":{"line":106,"column":null}},"18":{"start":{"line":107,"column":2},"end":{"line":107,"column":null}},"19":{"start":{"line":108,"column":2},"end":{"line":108,"column":null}},"20":{"start":{"line":2,"column":7},"end":{"line":2,"column":null}},"21":{"start":{"line":6,"column":9},"end":{"line":6,"column":null}},"22":{"start":{"line":8,"column":11},"end":{"line":8,"column":null}},"23":{"start":{"line":60,"column":15},"end":{"line":60,"column":null}},"24":{"start":{"line":2,"column":2},"end":{"line":72,"column":24}},"25":{"start":{"line":11,"column":26},"end":{"line":11,"column":37}},"26":{"start":{"line":32,"column":75},"end":{"line":32,"column":75}},"27":{"start":{"line":48,"column":16},"end":{"line":48,"column":null}},"28":{"start":{"line":74,"column":14},"end":{"line":72,"column":24}},"29":{"start":{"line":71,"column":22},"end":{"line":71,"column":null}}},"fnMap":{"0":{"name":"(anonymous_0)","decl":{"start":{"line":91,"column":12},"end":{"line":91,"column":13}},"loc":{"start":{"line":91,"column":18},"end":{"line":93,"column":1}},"line":91},"1":{"name":"saveTarget","decl":{"start":{"line":95,"column":9},"end":{"line":95,"column":19}},"loc":{"start":{"line":95,"column":22},"end":{"line":103,"column":null}},"line":95},"2":{"name":"(anonymous_2)","decl":{"start":{"line":102,"column":22},"end":{"line":102,"column":23}},"loc":{"start":{"line":102,"column":28},"end":{"line":102,"column":54}},"line":102},"3":{"name":"handleReset","decl":{"start":{"line":105,"column":9},"end":{"line":105,"column":20}},"loc":{"start":{"line":105,"column":23},"end":{"line":109,"column":null}},"line":105},"4":{"name":"(anonymous_4)","decl":{"start":{"line":11,"column":26},"end":{"line":11,"column":36}},"loc":{"start":{"line":11,"column":26},"end":{"line":11,"column":37}},"line":11},"5":{"name":"(anonymous_5)","decl":{"start":{"line":32,"column":8},"end":{"line":32,"column":17}},"loc":{"start":{"line":32,"column":75},"end":{"line":32,"column":75}},"line":32},"6":{"name":"(anonymous_6)","decl":{"start":{"line":48,"column":14},"end":{"line":48,"column":16}},"loc":{"start":{"line":48,"column":16},"end":{"line":48,"column":null}},"line":48},"7":{"name":"(anonymous_7)","decl":{"start":{"line":58,"column":8},"end":{"line":58,"column":19}},"loc":{"start":{"line":74,"column":14},"end":{"line":72,"column":24}},"line":74},"8":{"name":"(anonymous_8)","decl":{"start":{"line":71,"column":20},"end":{"line":71,"column":22}},"loc":{"start":{"line":71,"column":22},"end":{"line":71,"column":null}},"line":71}},"branchMap":{"0":{"loc":{"start":{"line":92,"column":2},"end":{"line":92,"column":null}},"type":"if","locations":[{"start":{"line":92,"column":2},"end":{"line":92,"column":null}},{"start":{},"end":{}}],"line":92},"1":{"loc":{"start":{"line":97,"column":2},"end":{"line":97,"column":null}},"type":"if","locations":[{"start":{"line":97,"column":2},"end":{"line":97,"column":null}},{"start":{},"end":{}}],"line":97},"2":{"loc":{"start":{"line":97,"column":6},"end":{"line":97,"column":35}},"type":"binary-expr","locations":[{"start":{"line":97,"column":6},"end":{"line":97,"column":14}},{"start":{"line":97,"column":18},"end":{"line":97,"column":23}},{"start":{"line":97,"column":27},"end":{"line":97,"column":35}}],"line":97},"3":{"loc":{"start":{"line":3,"column":4},"end":{"line":3,"column":94}},"type":"binary-expr","locations":[{"start":{"line":3,"column":4},"end":{"line":3,"column":7}},{"start":{"line":3,"column":4},"end":{"line":3,"column":94}}],"line":3},"4":{"loc":{"start":{"line":7,"column":6},"end":{"line":7,"column":84}},"type":"binary-expr","locations":[{"start":{"line":7,"column":6},"end":{"line":7,"column":13}},{"start":{"line":7,"column":6},"end":{"line":7,"column":84}}],"line":7},"5":{"loc":{"start":{"line":11,"column":26},"end":{"line":11,"column":37}},"type":"binary-expr","locations":[{"start":{"line":11,"column":26},"end":{"line":11,"column":36}},{"start":{"line":11,"column":26},"end":{"line":11,"column":37}}],"line":11},"6":{"loc":{"start":{"line":32,"column":17},"end":{"line":32,"column":75}},"type":"cond-expr","locations":[{"start":{"line":32,"column":8},"end":{"line":32,"column":75}}],"line":32},"7":{"loc":{"start":{"line":37,"column":4},"end":{"line":37,"column":52}},"type":"binary-expr","locations":[{"start":{"line":37,"column":4},"end":{"line":37,"column":9}},{"start":{"line":37,"column":4},"end":{"line":37,"column":52}}],"line":37},"8":{"loc":{"start":{"line":41,"column":6},"end":{"line":41,"column":98}},"type":"binary-expr","locations":[{"start":{"line":41,"column":6},"end":{"line":41,"column":9}},{"start":{"line":41,"column":6},"end":{"line":41,"column":98}}],"line":41},"9":{"loc":{"start":{"line":44,"column":15},"end":{"line":51,"column":15}},"type":"cond-expr","locations":[{"start":{"line":43,"column":6},"end":{"line":51,"column":15}}],"line":44},"10":{"loc":{"start":{"line":48,"column":14},"end":{"line":48,"column":null}},"type":"binary-expr","locations":[{"start":{"line":48,"column":14},"end":{"line":48,"column":16}},{"start":{"line":48,"column":14},"end":{"line":48,"column":null}}],"line":48},"11":{"loc":{"start":{"line":58,"column":19},"end":{"line":72,"column":24}},"type":"cond-expr","locations":[{"start":{"line":58,"column":8},"end":{"line":72,"column":24}}],"line":58},"12":{"loc":{"start":{"line":59,"column":10},"end":{"line":59,"column":85}},"type":"binary-expr","locations":[{"start":{"line":59,"column":10},"end":{"line":59,"column":13}},{"start":{"line":59,"column":10},"end":{"line":59,"column":85}}],"line":59},"13":{"loc":{"start":{"line":71,"column":20},"end":{"line":71,"column":null}},"type":"binary-expr","locations":[{"start":{"line":71,"column":20},"end":{"line":71,"column":22}},{"start":{"line":71,"column":20},"end":{"line":71,"column":null}}],"line":71}},"s":{"0":3,"1":3,"2":3,"3":3,"4":3,"5":3,"6":0,"7":0,"8":1,"9":1,"10":0,"11":1,"12":1,"13":1,"14":1,"15":1,"16":0,"17":1,"18":1,"19":1,"20":1,"21":1,"22":1,"23":1,"24":7,"25":1,"26":4,"27":2,"28":6,"29":0},"f":{"0":0,"1":1,"2":0,"3":1,"4":1,"5":4,"6":2,"7":6,"8":0},"b":{"0":[0,0],"1":[0,1],"2":[1,1,1],"3":[7,3],"4":[7,3],"5":[7,3],"6":[1],"7":[7,3],"8":[7,3],"9":[5],"10":[5,3],"11":[2],"12":[2,2],"13":[2,2]},"meta":{"lastBranch":14,"lastFunction":9,"lastStatement":30,"seen":{"s:84:48:84:Infinity":0,"s:85:18:85:Infinity":1,"s:86:16:86:Infinity":2,"s:87:20:87:Infinity":3,"s:89:13:89:Infinity":4,"s:91:0:93:Infinity":5,"f:91:12:91:13":0,"b:92:2:92:Infinity:undefined:undefined:undefined:undefined":0,"s:92:2:92:Infinity":6,"s:92:14:92:Infinity":7,"f:95:9:95:19":1,"s:96:12:96:Infinity":8,"b:97:2:97:Infinity:undefined:undefined:undefined:undefined":1,"s:97:2:97:Infinity":9,"b:97:6:97:14:97:18:97:23:97:27:97:35":2,"s:97:37:97:Infinity":10,"s:98:2:98:Infinity":11,"s:99:2:99:Infinity":12,"s:100:2:100:Infinity":13,"s:101:2:101:Infinity":14,"s:102:2:102:Infinity":15,"f:102:22:102:23":2,"s:102:30:102:52":16,"f:105:9:105:20":3,"s:106:2:106:Infinity":17,"s:107:2:107:Infinity":18,"s:108:2:108:Infinity":19,"s:2:7:2:Infinity":20,"s:6:9:6:Infinity":21,"s:8:11:8:Infinity":22,"s:60:15:60:Infinity":23,"s:2:2:72:24":24,"b:3:4:3:7:3:4:3:94":3,"b:7:6:7:13:7:6:7:84":4,"b:11:26:11:36:11:26:11:37":5,"f:11:26:11:36":4,"s:11:26:11:37":25,"f:32:8:32:17":5,"s:32:75:32:75":26,"b:32:8:32:75":6,"b:37:4:37:9:37:4:37:52":7,"b:41:6:41:9:41:6:41:98":8,"b:43:6:51:15":9,"b:48:14:48:16:48:14:48:Infinity":10,"f:48:14:48:16":6,"s:48:16:48:Infinity":27,"f:58:8:58:19":7,"s:74:14:72:24":28,"b:58:8:72:24":11,"b:59:10:59:13:59:10:59:85":12,"b:71:20:71:22:71:20:71:Infinity":13,"f:71:20:71:22":8,"s:71:22:71:Infinity":29}}}
,"C:\\Users\\user\\Desktop\\project\\better-life\\src\\composables\\usePoints.js": {"path":"C:\\Users\\user\\Desktop\\project\\better-life\\src\\composables\\usePoints.js","statementMap":{"0":{"start":{"line":3,"column":20},"end":{"line":3,"column":null}},"1":{"start":{"line":6,"column":33},"end":{"line":31,"column":null}},"2":{"start":{"line":34,"column":2},"end":{"line":40,"column":null}},"3":{"start":{"line":35,"column":16},"end":{"line":35,"column":null}},"4":{"start":{"line":36,"column":4},"end":{"line":36,"column":null}},"5":{"start":{"line":36,"column":14},"end":{"line":36,"column":null}},"6":{"start":{"line":37,"column":4},"end":{"line":37,"column":null}},"7":{"start":{"line":39,"column":4},"end":{"line":39,"column":null}},"8":{"start":{"line":44,"column":2},"end":{"line":48,"column":null}},"9":{"start":{"line":45,"column":4},"end":{"line":45,"column":null}},"10":{"start":{"line":52,"column":2},"end":{"line":57,"column":null}},"11":{"start":{"line":61,"column":16},"end":{"line":61,"column":null}},"12":{"start":{"line":62,"column":13},"end":{"line":62,"column":null}},"13":{"start":{"line":65,"column":0},"end":{"line":65,"column":null}},"14":{"start":{"line":65,"column":22},"end":{"line":65,"column":40}},"15":{"start":{"line":69,"column":22},"end":{"line":69,"column":null}},"16":{"start":{"line":69,"column":38},"end":{"line":69,"column":62}},"17":{"start":{"line":70,"column":22},"end":{"line":70,"column":null}},"18":{"start":{"line":70,"column":38},"end":{"line":70,"column":62}},"19":{"start":{"line":71,"column":23},"end":{"line":71,"column":null}},"20":{"start":{"line":71,"column":39},"end":{"line":71,"column":64}},"21":{"start":{"line":72,"column":14},"end":{"line":72,"column":62}},"22":{"start":{"line":72,"column":30},"end":{"line":72,"column":61}},"23":{"start":{"line":74,"column":25},"end":{"line":77,"column":null}},"24":{"start":{"line":75,"column":4},"end":{"line":75,"column":null}},"25":{"start":{"line":75,"column":39},"end":{"line":75,"column":null}},"26":{"start":{"line":76,"column":4},"end":{"line":76,"column":null}},"27":{"start":{"line":79,"column":25},"end":{"line":81,"column":null}},"28":{"start":{"line":80,"column":4},"end":{"line":80,"column":69}},"29":{"start":{"line":83,"column":26},"end":{"line":83,"column":null}},"30":{"start":{"line":83,"column":42},"end":{"line":83,"column":95}},"31":{"start":{"line":85,"column":23},"end":{"line":91,"column":null}},"32":{"start":{"line":86,"column":16},"end":{"line":86,"column":null}},"33":{"start":{"line":87,"column":4},"end":{"line":87,"column":null}},"34":{"start":{"line":87,"column":18},"end":{"line":87,"column":null}},"35":{"start":{"line":88,"column":4},"end":{"line":88,"column":null}},"36":{"start":{"line":88,"column":18},"end":{"line":88,"column":null}},"37":{"start":{"line":89,"column":4},"end":{"line":89,"column":null}},"38":{"start":{"line":89,"column":18},"end":{"line":89,"column":null}},"39":{"start":{"line":90,"column":4},"end":{"line":90,"column":null}},"40":{"start":{"line":95,"column":4},"end":{"line":99,"column":null}},"41":{"start":{"line":103,"column":21},"end":{"line":103,"column":null}},"42":{"start":{"line":103,"column":51},"end":{"line":103,"column":70}},"43":{"start":{"line":104,"column":4},"end":{"line":104,"column":null}},"44":{"start":{"line":104,"column":19},"end":{"line":104,"column":null}},"45":{"start":{"line":106,"column":18},"end":{"line":114,"column":null}},"46":{"start":{"line":116,"column":4},"end":{"line":120,"column":null}},"47":{"start":{"line":122,"column":4},"end":{"line":122,"column":null}},"48":{"start":{"line":126,"column":18},"end":{"line":126,"column":null}},"49":{"start":{"line":126,"column":47},"end":{"line":126,"column":58}},"50":{"start":{"line":127,"column":4},"end":{"line":127,"column":null}},"51":{"start":{"line":127,"column":16},"end":{"line":127,"column":null}},"52":{"start":{"line":129,"column":4},"end":{"line":133,"column":null}},"53":{"start":{"line":132,"column":43},"end":{"line":132,"column":54}},"54":{"start":{"line":137,"column":4},"end":{"line":140,"column":null}},"55":{"start":{"line":144,"column":4},"end":{"line":144,"column":null}},"56":{"start":{"line":147,"column":2},"end":{"line":164,"column":null}}},"fnMap":{"0":{"name":"loadFromStorage","decl":{"start":{"line":33,"column":9},"end":{"line":33,"column":24}},"loc":{"start":{"line":33,"column":27},"end":{"line":41,"column":null}},"line":33},"1":{"name":"saveToStorage","decl":{"start":{"line":43,"column":9},"end":{"line":43,"column":22}},"loc":{"start":{"line":43,"column":29},"end":{"line":49,"column":null}},"line":43},"2":{"name":"createDefaultState","decl":{"start":{"line":51,"column":9},"end":{"line":51,"column":27}},"loc":{"start":{"line":51,"column":30},"end":{"line":58,"column":null}},"line":51},"3":{"name":"(anonymous_3)","decl":{"start":{"line":65,"column":13},"end":{"line":65,"column":14}},"loc":{"start":{"line":65,"column":22},"end":{"line":65,"column":40}},"line":65},"4":{"name":"usePoints","decl":{"start":{"line":67,"column":16},"end":{"line":67,"column":25}},"loc":{"start":{"line":67,"column":28},"end":{"line":165,"column":null}},"line":67},"5":{"name":"(anonymous_5)","decl":{"start":{"line":69,"column":32},"end":{"line":69,"column":33}},"loc":{"start":{"line":69,"column":38},"end":{"line":69,"column":62}},"line":69},"6":{"name":"(anonymous_6)","decl":{"start":{"line":70,"column":32},"end":{"line":70,"column":33}},"loc":{"start":{"line":70,"column":38},"end":{"line":70,"column":62}},"line":70},"7":{"name":"(anonymous_7)","decl":{"start":{"line":71,"column":33},"end":{"line":71,"column":34}},"loc":{"start":{"line":71,"column":39},"end":{"line":71,"column":64}},"line":71},"8":{"name":"(anonymous_8)","decl":{"start":{"line":72,"column":24},"end":{"line":72,"column":25}},"loc":{"start":{"line":72,"column":30},"end":{"line":72,"column":61}},"line":72},"9":{"name":"(anonymous_9)","decl":{"start":{"line":74,"column":35},"end":{"line":74,"column":36}},"loc":{"start":{"line":74,"column":41},"end":{"line":77,"column":3}},"line":74},"10":{"name":"(anonymous_10)","decl":{"start":{"line":79,"column":35},"end":{"line":79,"column":36}},"loc":{"start":{"line":80,"column":4},"end":{"line":80,"column":69}},"line":80},"11":{"name":"(anonymous_11)","decl":{"start":{"line":83,"column":36},"end":{"line":83,"column":37}},"loc":{"start":{"line":83,"column":42},"end":{"line":83,"column":95}},"line":83},"12":{"name":"(anonymous_12)","decl":{"start":{"line":85,"column":33},"end":{"line":85,"column":34}},"loc":{"start":{"line":85,"column":39},"end":{"line":91,"column":3}},"line":85},"13":{"name":"completeOnboarding","decl":{"start":{"line":94,"column":11},"end":{"line":94,"column":29}},"loc":{"start":{"line":94,"column":41},"end":{"line":100,"column":null}},"line":94},"14":{"name":"addPoints","decl":{"start":{"line":102,"column":11},"end":{"line":102,"column":20}},"loc":{"start":{"line":102,"column":44},"end":{"line":123,"column":null}},"line":102},"15":{"name":"(anonymous_15)","decl":{"start":{"line":103,"column":44},"end":{"line":103,"column":45}},"loc":{"start":{"line":103,"column":51},"end":{"line":103,"column":70}},"line":103},"16":{"name":"deleteLog","decl":{"start":{"line":125,"column":11},"end":{"line":125,"column":20}},"loc":{"start":{"line":125,"column":25},"end":{"line":134,"column":null}},"line":125},"17":{"name":"(anonymous_17)","decl":{"start":{"line":126,"column":40},"end":{"line":126,"column":41}},"loc":{"start":{"line":126,"column":47},"end":{"line":126,"column":58}},"line":126},"18":{"name":"(anonymous_18)","decl":{"start":{"line":132,"column":36},"end":{"line":132,"column":37}},"loc":{"start":{"line":132,"column":43},"end":{"line":132,"column":54}},"line":132},"19":{"name":"updateTarget","decl":{"start":{"line":136,"column":11},"end":{"line":136,"column":23}},"loc":{"start":{"line":136,"column":35},"end":{"line":141,"column":null}},"line":136},"20":{"name":"resetAll","decl":{"start":{"line":143,"column":11},"end":{"line":143,"column":19}},"loc":{"start":{"line":143,"column":22},"end":{"line":145,"column":null}},"line":143}},"branchMap":{"0":{"loc":{"start":{"line":36,"column":4},"end":{"line":36,"column":null}},"type":"if","locations":[{"start":{"line":36,"column":4},"end":{"line":36,"column":null}},{"start":{},"end":{}}],"line":36},"1":{"loc":{"start":{"line":62,"column":18},"end":{"line":62,"column":49}},"type":"binary-expr","locations":[{"start":{"line":62,"column":18},"end":{"line":62,"column":25}},{"start":{"line":62,"column":29},"end":{"line":62,"column":49}}],"line":62},"2":{"loc":{"start":{"line":75,"column":4},"end":{"line":75,"column":null}},"type":"if","locations":[{"start":{"line":75,"column":4},"end":{"line":75,"column":null}},{"start":{},"end":{}}],"line":75},"3":{"loc":{"start":{"line":87,"column":4},"end":{"line":87,"column":null}},"type":"if","locations":[{"start":{"line":87,"column":4},"end":{"line":87,"column":null}},{"start":{},"end":{}}],"line":87},"4":{"loc":{"start":{"line":88,"column":4},"end":{"line":88,"column":null}},"type":"if","locations":[{"start":{"line":88,"column":4},"end":{"line":88,"column":null}},{"start":{},"end":{}}],"line":88},"5":{"loc":{"start":{"line":89,"column":4},"end":{"line":89,"column":null}},"type":"if","locations":[{"start":{"line":89,"column":4},"end":{"line":89,"column":null}},{"start":{},"end":{}}],"line":89},"6":{"loc":{"start":{"line":102,"column":33},"end":{"line":102,"column":42}},"type":"default-arg","locations":[{"start":{"line":102,"column":40},"end":{"line":102,"column":42}}],"line":102},"7":{"loc":{"start":{"line":104,"column":4},"end":{"line":104,"column":null}},"type":"if","locations":[{"start":{"line":104,"column":4},"end":{"line":104,"column":null}},{"start":{},"end":{}}],"line":104},"8":{"loc":{"start":{"line":127,"column":4},"end":{"line":127,"column":null}},"type":"if","locations":[{"start":{"line":127,"column":4},"end":{"line":127,"column":null}},{"start":{},"end":{}}],"line":127}},"s":{"0":6,"1":6,"2":6,"3":6,"4":6,"5":6,"6":0,"7":0,"8":36,"9":36,"10":28,"11":6,"12":6,"13":6,"14":36,"15":50,"16":3,"17":50,"18":18,"19":50,"20":18,"21":50,"22":15,"23":50,"24":12,"25":0,"26":12,"27":50,"28":8,"29":50,"30":11,"31":50,"32":10,"33":10,"34":7,"35":3,"36":0,"37":3,"38":0,"39":3,"40":5,"41":10,"42":20,"43":10,"44":0,"45":10,"46":10,"47":10,"48":2,"49":2,"50":2,"51":0,"52":2,"53":2,"54":1,"55":22,"56":50},"f":{"0":6,"1":36,"2":28,"3":36,"4":50,"5":3,"6":18,"7":18,"8":15,"9":12,"10":8,"11":11,"12":10,"13":5,"14":10,"15":20,"16":2,"17":2,"18":2,"19":1,"20":22},"b":{"0":[6,0],"1":[6,6],"2":[0,12],"3":[7,3],"4":[0,3],"5":[0,3],"6":[10],"7":[0,10],"8":[0,2]},"meta":{"lastBranch":9,"lastFunction":21,"lastStatement":57,"seen":{"s:3:20:3:Infinity":0,"s:6:33:31:Infinity":1,"f:33:9:33:24":0,"s:34:2:40:Infinity":2,"s:35:16:35:Infinity":3,"b:36:4:36:Infinity:undefined:undefined:undefined:undefined":0,"s:36:4:36:Infinity":4,"s:36:14:36:Infinity":5,"s:37:4:37:Infinity":6,"s:39:4:39:Infinity":7,"f:43:9:43:22":1,"s:44:2:48:Infinity":8,"s:45:4:45:Infinity":9,"f:51:9:51:27":2,"s:52:2:57:Infinity":10,"s:61:16:61:Infinity":11,"s:62:13:62:Infinity":12,"b:62:18:62:25:62:29:62:49":1,"s:65:0:65:Infinity":13,"f:65:13:65:14":3,"s:65:22:65:40":14,"f:67:16:67:25":4,"s:69:22:69:Infinity":15,"f:69:32:69:33":5,"s:69:38:69:62":16,"s:70:22:70:Infinity":17,"f:70:32:70:33":6,"s:70:38:70:62":18,"s:71:23:71:Infinity":19,"f:71:33:71:34":7,"s:71:39:71:64":20,"s:72:14:72:62":21,"f:72:24:72:25":8,"s:72:30:72:61":22,"s:74:25:77:Infinity":23,"f:74:35:74:36":9,"b:75:4:75:Infinity:undefined:undefined:undefined:undefined":2,"s:75:4:75:Infinity":24,"s:75:39:75:Infinity":25,"s:76:4:76:Infinity":26,"s:79:25:81:Infinity":27,"f:79:35:79:36":10,"s:80:4:80:69":28,"s:83:26:83:Infinity":29,"f:83:36:83:37":11,"s:83:42:83:95":30,"s:85:23:91:Infinity":31,"f:85:33:85:34":12,"s:86:16:86:Infinity":32,"b:87:4:87:Infinity:undefined:undefined:undefined:undefined":3,"s:87:4:87:Infinity":33,"s:87:18:87:Infinity":34,"b:88:4:88:Infinity:undefined:undefined:undefined:undefined":4,"s:88:4:88:Infinity":35,"s:88:18:88:Infinity":36,"b:89:4:89:Infinity:undefined:undefined:undefined:undefined":5,"s:89:4:89:Infinity":37,"s:89:18:89:Infinity":38,"s:90:4:90:Infinity":39,"f:94:11:94:29":13,"s:95:4:99:Infinity":40,"f:102:11:102:20":14,"b:102:40:102:42":6,"s:103:21:103:Infinity":41,"f:103:44:103:45":15,"s:103:51:103:70":42,"b:104:4:104:Infinity:undefined:undefined:undefined:undefined":7,"s:104:4:104:Infinity":43,"s:104:19:104:Infinity":44,"s:106:18:114:Infinity":45,"s:116:4:120:Infinity":46,"s:122:4:122:Infinity":47,"f:125:11:125:20":16,"s:126:18:126:Infinity":48,"f:126:40:126:41":17,"s:126:47:126:58":49,"b:127:4:127:Infinity:undefined:undefined:undefined:undefined":8,"s:127:4:127:Infinity":50,"s:127:16:127:Infinity":51,"s:129:4:133:Infinity":52,"f:132:36:132:37":18,"s:132:43:132:54":53,"f:136:11:136:23":19,"s:137:4:140:Infinity":54,"f:143:11:143:19":20,"s:144:4:144:Infinity":55,"s:147:2:164:Infinity":56}}}
}
